<?xml version="1.0" encoding="UTF-8"?>
<!-- Generated by org.testng.reporters.JUnitReportReporter -->
<testsuite skipped="0" hostname="WIN-GEDESCREUP8" name="TestRunner.CucumberRunnerTest" tests="1" failures="0" timestamp="25 Feb 2018 18:27:51 GMT" time="0.073" errors="1">
  <testcase name="runScenario" time="0.073" classname="TestRunner.CucumberRunnerTest">
    <error/>
  </testcase> <!-- runScenario -->
</testsuite> <!-- TestRunner.CucumberRunnerTest -->
