<?xml version="1.0" encoding="UTF-8"?>
<!-- Generated by org.testng.reporters.JUnitReportReporter -->
<testsuite skipped="0" hostname="WIN-GEDESCREUP8" name="stepDefunitionPackage.stepDefiniton" tests="1" failures="0" timestamp="25 Feb 2018 20:07:24 GMT" time="4.259" errors="0">
  <testcase name="runScenario" time="4.259" classname="stepDefunitionPackage.stepDefiniton"/>
</testsuite> <!-- stepDefunitionPackage.stepDefiniton -->
